2022-12-28 09:10:38,427 :: INFO :: {'time': '2022-12-28 09:10:38.424548', 'volts': 5.13, 'amps': 1.075, 'temp': 44.008}
2022-12-28 09:10:38,429 :: INFO :: recording 20221228_091038428942
2022-12-28 09:11:38,624 :: INFO :: updating GitHub
2022-12-28 09:11:44,997 :: INFO :: {'time': '2022-12-28 09:11:44.991537', 'volts': 5.162, 'amps': 0.985, 'temp': 41.318}
2022-12-28 09:11:45,002 :: INFO :: FINISHED ----------
2022-12-28 09:13:11,342 :: INFO :: {'time': '2022-12-28 09:13:11.339762', 'volts': 5.125, 'amps': 1.102, 'temp': 42.932}
2022-12-28 09:13:11,347 :: INFO :: recording 20221228_091311347504
2022-12-28 09:14:11,550 :: INFO :: updating GitHub
2022-12-28 09:14:20,545 :: INFO :: {'time': '2022-12-28 09:14:20.542030', 'volts': 5.182, 'amps': 0.767, 'temp': 41.318}
2022-12-28 09:14:20,549 :: INFO :: FINISHED ----------
2022-12-28 11:11:34,043 :: INFO :: {'time': '2022-12-28 11:11:34.040837', 'volts': 5.138, 'amps': 1.035, 'temp': 43.47}
2022-12-28 11:11:34,045 :: INFO :: recording 20221228_111134044825
2022-12-28 11:12:34,218 :: INFO :: updating GitHub
2022-12-28 11:12:44,285 :: INFO :: {'time': '2022-12-28 11:12:44.282465', 'volts': 5.178, 'amps': 0.808, 'temp': 41.318}
2022-12-28 11:12:44,287 :: INFO :: FINISHED ----------
2022-12-28 11:52:57,052 :: INFO :: {'time': '2022-12-28 11:52:57.050229', 'volts': 5.046, 'amps': 0.891, 'temp': 40.78}
2022-12-28 11:52:57,053 :: INFO :: recording 20221228_115257053762
2022-12-28 11:53:57,181 :: INFO :: updating GitHub
2022-12-28 11:54:06,032 :: INFO :: {'time': '2022-12-28 11:54:06.028512', 'volts': 5.08, 'amps': 0.798, 'temp': 39.704}
2022-12-28 11:54:06,034 :: INFO :: FINISHED ----------
2022-12-28 11:54:22,352 :: INFO :: {'time': '2022-12-28 11:54:22.350151', 'volts': 5.039, 'amps': 0.89, 'temp': 43.47}
2022-12-28 11:54:22,353 :: INFO :: recording 20221228_115422352941
2022-12-28 11:55:22,448 :: INFO :: updating GitHub
2022-12-28 11:55:30,568 :: INFO :: {'time': '2022-12-28 11:55:30.564417', 'volts': 5.087, 'amps': 0.829, 'temp': 39.704}
2022-12-28 11:55:30,569 :: INFO :: FINISHED ----------
2022-12-29 11:22:13,136 :: INFO :: {'time': '2022-12-29 11:22:13.134632', 'volts': 5.083, 'amps': 1.023, 'temp': 42.394}
2022-12-29 11:22:13,139 :: INFO :: recording 20221229_112213139322
2022-12-29 11:23:13,262 :: INFO :: updating GitHub
2022-12-29 11:23:27,210 :: INFO :: {'time': '2022-12-29 11:23:27.207167', 'volts': 5.074, 'amps': 0.839, 'temp': 40.78}
2022-12-29 11:23:27,212 :: INFO :: FINISHED ----------
2022-12-29 11:44:17,734 :: INFO :: {'time': '2022-12-29 11:44:17.731469', 'volts': 5.058, 'amps': 1.123, 'temp': 45.084}
2022-12-29 11:44:17,736 :: INFO :: recording 20221229_114417736525
2022-12-29 11:45:17,894 :: INFO :: updating GitHub
2022-12-29 11:45:36,621 :: INFO :: {'time': '2022-12-29 11:45:36.617822', 'volts': 5.131, 'amps': 0.784, 'temp': 41.318}
2022-12-29 11:45:36,626 :: INFO :: FINISHED ----------
2022-12-29 15:07:00,989 :: INFO :: {'time': '2022-12-29 15:07:00.986975', 'volts': 5.036, 'amps': 1.07, 'temp': 41.318}
2022-12-29 15:07:00,991 :: INFO :: recording 20221229_150700991372
2022-12-29 15:08:01,090 :: INFO :: updating GitHub
2022-12-29 15:08:11,648 :: INFO :: {'time': '2022-12-29 15:08:11.645241', 'volts': 5.118, 'amps': 0.801, 'temp': 40.242}
2022-12-29 15:08:11,653 :: INFO :: FINISHED ----------
2022-12-29 15:09:39,241 :: INFO :: {'time': '2022-12-29 15:09:39.238957', 'volts': 5.081, 'amps': 0.858, 'temp': 42.932}
2022-12-29 15:09:39,243 :: INFO :: recording 20221229_150939243154
2022-12-29 15:10:39,396 :: INFO :: updating GitHub
2022-12-29 15:10:45,102 :: INFO :: {'time': '2022-12-29 15:10:45.099296', 'volts': 5.111, 'amps': 0.784, 'temp': 39.704}
2022-12-29 15:10:45,103 :: INFO :: FINISHED ----------
2022-12-29 15:13:53,903 :: INFO :: {'time': '2022-12-29 15:13:53.900910', 'volts': 5.087, 'amps': 1.027, 'temp': 42.394}
2022-12-29 15:13:53,904 :: INFO :: recording 20221229_151353904374
2022-12-29 15:14:53,997 :: INFO :: updating GitHub
2022-12-29 15:14:58,921 :: INFO :: {'time': '2022-12-29 15:14:58.918830', 'volts': 5.083, 'amps': 0.809, 'temp': 41.856}
2022-12-29 15:14:58,923 :: INFO :: FINISHED ----------
2023-01-02 08:24:41,440 :: INFO :: {'time': '2023-01-02 08:24:41.438474', 'volts': 5.036, 'amps': 1.002, 'temp': 46.16}
2023-01-02 08:24:41,443 :: INFO :: recording 20230102_082441443166
2023-01-02 08:25:42,008 :: INFO :: updating GitHub
2023-01-02 08:25:50,314 :: INFO :: {'time': '2023-01-02 08:25:50.310871', 'volts': 5.064, 'amps': 0.824, 'temp': 42.932}
2023-01-02 08:25:50,316 :: INFO :: FINISHED ----------
2023-01-02 08:28:20,376 :: INFO :: {'time': '2023-01-02 08:28:20.373949', 'volts': 5.029, 'amps': 1.169, 'temp': 45.084}
2023-01-02 08:28:20,378 :: INFO :: recording 20230102_082820378037
2023-01-02 08:29:20,694 :: INFO :: updating GitHub
2023-01-02 08:29:26,887 :: INFO :: {'time': '2023-01-02 08:29:26.885676', 'volts': 5.046, 'amps': 0.879, 'temp': 41.856}
2023-01-02 08:29:26,888 :: INFO :: FINISHED ----------
2023-01-02 08:34:12,692 :: INFO :: {'time': '2023-01-02 08:34:12.689317', 'volts': 5.03, 'amps': 1.019, 'temp': 40.78}
2023-01-02 08:34:12,694 :: INFO :: recording 20230102_083412694050
2023-01-02 08:35:12,989 :: INFO :: updating GitHub
2023-01-02 08:35:29,552 :: INFO :: {'time': '2023-01-02 08:35:29.548983', 'volts': 5.065, 'amps': 0.765, 'temp': 39.704}
2023-01-02 08:35:29,554 :: INFO :: FINISHED ----------
2023-01-05 17:03:02,157 :: INFO :: {'time': '2023-01-05 17:03:02.151753', 'volts': 5.015, 'amps': 1.098, 'temp': 48.312}
2023-01-05 17:03:02,161 :: INFO :: recording wav file 1 of WAVCOUNT
2023-01-05 17:03:02,167 :: INFO :: recording 20230105_170302167455
2023-01-05 17:04:02,606 :: INFO :: updating GitHub
2023-01-05 17:04:12,013 :: INFO :: {'time': '2023-01-05 17:04:12.009890', 'volts': 5.052, 'amps': 0.798, 'temp': 45.084}
2023-01-05 17:04:12,015 :: INFO :: recording wav file 2 of WAVCOUNT
2023-01-05 17:04:12,017 :: INFO :: recording 20230105_170412016491
2023-01-05 17:05:12,271 :: INFO :: updating GitHub
2023-01-05 17:05:19,511 :: INFO :: {'time': '2023-01-05 17:05:19.507419', 'volts': 5.064, 'amps': 0.676, 'temp': 43.47}
2023-01-05 17:05:19,512 :: INFO :: recording wav file 3 of WAVCOUNT
2023-01-05 17:05:19,513 :: INFO :: recording 20230105_170519512692
2023-01-05 17:06:19,802 :: INFO :: updating GitHub
2023-01-05 17:06:25,811 :: INFO :: {'time': '2023-01-05 17:06:25.808051', 'volts': 5.056, 'amps': 0.777, 'temp': 44.008}
2023-01-05 17:06:25,812 :: INFO :: recording wav file 4 of WAVCOUNT
2023-01-05 17:06:25,812 :: INFO :: recording 20230105_170625812607
2023-01-05 17:07:26,131 :: INFO :: updating GitHub
2023-01-05 17:07:31,604 :: INFO :: {'time': '2023-01-05 17:07:31.601332', 'volts': 5.061, 'amps': 0.756, 'temp': 44.008}
2023-01-05 17:07:31,606 :: INFO :: recording wav file 5 of WAVCOUNT
2023-01-05 17:07:31,607 :: INFO :: recording 20230105_170731607204
2023-01-05 17:08:31,879 :: INFO :: updating GitHub
2023-01-05 17:08:38,230 :: INFO :: {'time': '2023-01-05 17:08:38.227749', 'volts': 5.053, 'amps': 0.869, 'temp': 44.008}
2023-01-05 17:08:38,232 :: INFO :: recording wav file 6 of WAVCOUNT
2023-01-05 17:08:38,233 :: INFO :: recording 20230105_170838232796
2023-01-05 17:09:38,548 :: INFO :: updating GitHub
2023-01-05 17:09:44,475 :: INFO :: {'time': '2023-01-05 17:09:44.472478', 'volts': 5.061, 'amps': 0.717, 'temp': 44.008}
2023-01-05 17:09:44,476 :: INFO :: recording wav file 7 of WAVCOUNT
2023-01-05 17:09:44,477 :: INFO :: recording 20230105_170944477485
2023-01-05 17:10:44,770 :: INFO :: updating GitHub
2023-01-05 17:10:50,685 :: INFO :: {'time': '2023-01-05 17:10:50.670941', 'volts': 5.062, 'amps': 0.741, 'temp': 43.47}
2023-01-05 17:10:50,686 :: INFO :: recording wav file 8 of WAVCOUNT
2023-01-05 17:10:50,688 :: INFO :: recording 20230105_171050688032
2023-01-05 17:11:50,985 :: INFO :: updating GitHub
2023-01-05 17:11:56,916 :: INFO :: {'time': '2023-01-05 17:11:56.913061', 'volts': 5.064, 'amps': 0.729, 'temp': 43.47}
2023-01-05 17:11:56,920 :: INFO :: recording wav file 9 of WAVCOUNT
2023-01-05 17:11:56,922 :: INFO :: recording 20230105_171156921815
2023-01-05 17:12:57,176 :: INFO :: updating GitHub
2023-01-05 17:13:03,042 :: INFO :: {'time': '2023-01-05 17:13:03.038623', 'volts': 5.061, 'amps': 0.733, 'temp': 43.47}
2023-01-05 17:13:03,044 :: INFO :: recording wav file 10 of WAVCOUNT
2023-01-05 17:13:03,046 :: INFO :: recording 20230105_171303045755
2023-01-05 17:14:03,316 :: INFO :: updating GitHub
2023-01-05 17:14:10,014 :: INFO :: FINISHED ----------
2023-01-06 11:46:44,416 :: INFO :: {'time': '2023-01-06 11:46:44.414286', 'volts': 5.043, 'amps': 1.035, 'temp': 45.084}
2023-01-06 11:46:44,418 :: INFO :: recording wav file 1 of WAVCOUNT
2023-01-06 11:46:44,420 :: INFO :: recording 20230106_114644419820
2023-01-06 11:47:44,670 :: INFO :: updating GitHub
2023-01-06 11:47:54,148 :: INFO :: {'time': '2023-01-06 11:47:54.144906', 'volts': 5.078, 'amps': 0.744, 'temp': 45.084}
2023-01-06 11:47:54,152 :: INFO :: recording wav file 2 of WAVCOUNT
2023-01-06 11:47:54,153 :: INFO :: recording 20230106_114754153600
2023-01-06 11:48:54,496 :: INFO :: updating GitHub
2023-01-06 11:49:01,759 :: INFO :: {'time': '2023-01-06 11:49:01.755931', 'volts': 5.081, 'amps': 0.741, 'temp': 46.16}
2023-01-06 11:49:01,762 :: INFO :: recording wav file 3 of WAVCOUNT
2023-01-06 11:49:01,764 :: INFO :: recording 20230106_114901763617
2023-01-06 11:50:02,125 :: INFO :: updating GitHub
2023-01-06 11:50:11,388 :: INFO :: {'time': '2023-01-06 11:50:11.384830', 'volts': 5.083, 'amps': 0.806, 'temp': 47.236}
2023-01-06 11:50:11,390 :: INFO :: recording wav file 4 of WAVCOUNT
2023-01-06 11:50:11,391 :: INFO :: recording 20230106_115011390977
2023-01-06 11:51:11,763 :: INFO :: updating GitHub
